nohup: ignoring input
Converting AdptivePrune_remove_audio.ipynb...
[NbConvertApp] Converting notebook AdptivePrune_remove_audio.ipynb to notebook
0.00s - Debugger warning: It seems that frozen modules are being used, which may
0.00s - make the debugger miss breakpoints. Please pass -Xfrozen_modules=off
0.00s - to python to disable frozen modules.
0.00s - Note: Debugging will proceed. Set PYDEVD_DISABLE_FILE_VALIDATION=1 to disable this validation.
0.00s - Debugger warning: It seems that frozen modules are being used, which may
0.00s - make the debugger miss breakpoints. Please pass -Xfrozen_modules=off
0.00s - to python to disable frozen modules.
0.00s - Note: Debugging will proceed. Set PYDEVD_DISABLE_FILE_VALIDATION=1 to disable this validation.
Traceback (most recent call last):
  File "/usr/bin/jupyter-nbconvert", line 8, in <module>
    sys.exit(main())
             ^^^^^^
  File "/usr/lib/python3.11/site-packages/jupyter_core/application.py", line 285, in launch_instance
    return super().launch_instance(argv=argv, **kwargs)
           ^^^^^^^^^^^^^^^^^^^^^^^^^^^^^^^^^^^^^^^^^^^^
  File "/usr/lib/python3.11/site-packages/traitlets/config/application.py", line 1043, in launch_instance
    app.start()
  File "/usr/lib/python3.11/site-packages/nbconvert/nbconvertapp.py", line 410, in start
    self.convert_notebooks()
  File "/usr/lib/python3.11/site-packages/nbconvert/nbconvertapp.py", line 585, in convert_notebooks
    self.convert_single_notebook(notebook_filename)
  File "/usr/lib/python3.11/site-packages/nbconvert/nbconvertapp.py", line 551, in convert_single_notebook
    output, resources = self.export_single_notebook(
                        ^^^^^^^^^^^^^^^^^^^^^^^^^^^^
  File "/usr/lib/python3.11/site-packages/nbconvert/nbconvertapp.py", line 477, in export_single_notebook
    output, resources = self.exporter.from_filename(
                        ^^^^^^^^^^^^^^^^^^^^^^^^^^^^
  File "/usr/lib/python3.11/site-packages/nbconvert/exporters/exporter.py", line 201, in from_filename
    return self.from_file(f, resources=resources, **kw)
           ^^^^^^^^^^^^^^^^^^^^^^^^^^^^^^^^^^^^^^^^^^^^
  File "/usr/lib/python3.11/site-packages/nbconvert/exporters/exporter.py", line 220, in from_file
    return self.from_notebook_node(
           ^^^^^^^^^^^^^^^^^^^^^^^^
  File "/usr/lib/python3.11/site-packages/nbconvert/exporters/notebook.py", line 36, in from_notebook_node
    nb_copy, resources = super().from_notebook_node(nb, resources, **kw)
                         ^^^^^^^^^^^^^^^^^^^^^^^^^^^^^^^^^^^^^^^^^^^^^^^
  File "/usr/lib/python3.11/site-packages/nbconvert/exporters/exporter.py", line 154, in from_notebook_node
    nb_copy, resources = self._preprocess(nb_copy, resources)
                         ^^^^^^^^^^^^^^^^^^^^^^^^^^^^^^^^^^^^
  File "/usr/lib/python3.11/site-packages/nbconvert/exporters/exporter.py", line 352, in _preprocess
    nbc, resc = preprocessor(nbc, resc)
                ^^^^^^^^^^^^^^^^^^^^^^^
  File "/usr/lib/python3.11/site-packages/nbconvert/preprocessors/base.py", line 48, in __call__
    return self.preprocess(nb, resources)
           ^^^^^^^^^^^^^^^^^^^^^^^^^^^^^^
  File "/usr/lib/python3.11/site-packages/nbconvert/preprocessors/execute.py", line 100, in preprocess
    self.preprocess_cell(cell, resources, index)
  File "/usr/lib/python3.11/site-packages/nbconvert/preprocessors/execute.py", line 121, in preprocess_cell
    cell = self.execute_cell(cell, index, store_history=True)
           ^^^^^^^^^^^^^^^^^^^^^^^^^^^^^^^^^^^^^^^^^^^^^^^^^^
  File "/usr/lib/python3.11/site-packages/jupyter_core/utils/__init__.py", line 166, in wrapped
    return loop.run_until_complete(inner)
           ^^^^^^^^^^^^^^^^^^^^^^^^^^^^^^
  File "/usr/lib/python3.11/asyncio/base_events.py", line 653, in run_until_complete
    return future.result()
           ^^^^^^^^^^^^^^^
  File "/usr/lib/python3.11/site-packages/nbclient/client.py", line 1058, in async_execute_cell
    await self._check_raise_for_error(cell, cell_index, exec_reply)
  File "/usr/lib/python3.11/site-packages/nbclient/client.py", line 914, in _check_raise_for_error
    raise CellExecutionError.from_cell_and_msg(cell, exec_reply_content)
nbclient.exceptions.CellExecutionError: An error occurred while executing the following cell:
------------------
## Data Normalization before training ans testing
import tensorflow as tf
tf.compat.v1.disable_v2_behavior()
from tensorflow.keras.models import Model
from tensorflow.keras.layers import Input, Dense, concatenate, LSTM
from sklearn.preprocessing import StandardScaler
scalers = []
X_train_normalized = []
X_val_normalized = []
X_test_normalized = []
train_idx = np.where(flag_tr_val_te ==0)[0]
np.random.shuffle(train_idx)
val_idx = np.where(flag_tr_val_te ==1)[0]
test_idx = np.where(flag_tr_val_te ==2)[0]

for i, feature in enumerate([wlk_fre, wlk_fres_trace, double_support_time, pdps_new, energy_alls, log_energy_alls, smoothe_energy_alls， dur_time_1_alls, dur_time_2_alls, cwt_figs_all, fft_features， high_fre_compos, pitchs, low_fre_compos， cwt_sum_all_0, cwt_sum_all_1, cwt_sum_all_2, cwt_sum_all_3, feature]):
    scaler = StandardScaler()
    if len(feature.shape)==2:
        X_train_i = feature[train_idx,:]
        X_val_i = feature[val_idx,:]
        X_test_i = feature[test_idx,:]
        X_train_normalized_i = scaler.fit_transform(X_train_i)
        X_val_normalized_i = scaler.transform(X_val_i)
        X_test_normalized_i = scaler.transform(X_test_i)
        scalers.append(scaler)
    else:
        X_train_i = feature[train_idx,:,:]
        X_val_i = feature[val_idx,:,:]
        X_test_i = feature[test_idx,:,:]
        X_train_normalized_i = scaler.fit_transform(X_train_i.reshape(X_train_i.shape[0], -1)).reshape(X_train_i.shape)
        X_val_normalized_i = scaler.transform(X_val_i.reshape(X_val_i.shape[0], -1)).reshape(X_val_i.shape)
        X_test_normalized_i = scaler.transform(X_test_i.reshape(X_test_i.shape[0], -1)).reshape(X_test_i.shape)
        scalers.append(scaler)
    X_train_normalized.append(X_train_normalized_i)
    X_val_normalized.append(X_val_normalized_i)
    X_test_normalized.append(X_test_normalized_i)
y_train = gts[train_idx,:]
y_val = gts[val_idx,:]
y_test = gts[test_idx,:]
------------------


[0;36m  Cell [0;32mIn[2], line 16[0;36m[0m
[0;31m    for i, feature in enumerate([wlk_fre, wlk_fres_trace, double_support_time, pdps_new, energy_alls, log_energy_alls, smoothe_energy_alls， dur_time_1_alls, dur_time_2_alls, cwt_figs_all, fft_features， high_fre_compos, pitchs, low_fre_compos， cwt_sum_all_0, cwt_sum_all_1, cwt_sum_all_2, cwt_sum_all_3, feature]):[0m
[0m                                                                                                                                          ^[0m
[0;31mSyntaxError[0m[0;31m:[0m invalid character '，' (U+FF0C)


Error converting AdptivePrune_remove_audio.ipynb. Exiting.
nohup: ignoring input
Converting AdptivePrune_remove_audio.ipynb...
[NbConvertApp] Converting notebook AdptivePrune_remove_audio.ipynb to notebook
0.00s - Debugger warning: It seems that frozen modules are being used, which may
0.00s - make the debugger miss breakpoints. Please pass -Xfrozen_modules=off
0.00s - to python to disable frozen modules.
0.00s - Note: Debugging will proceed. Set PYDEVD_DISABLE_FILE_VALIDATION=1 to disable this validation.
0.00s - Debugger warning: It seems that frozen modules are being used, which may
0.00s - make the debugger miss breakpoints. Please pass -Xfrozen_modules=off
0.00s - to python to disable frozen modules.
0.00s - Note: Debugging will proceed. Set PYDEVD_DISABLE_FILE_VALIDATION=1 to disable this validation.
2023-12-08 20:17:02.294130: I tensorflow/core/platform/cpu_feature_guard.cc:182] This TensorFlow binary is optimized to use available CPU instructions in performance-critical operations.
To enable the following instructions: FMA, in other operations, rebuild TensorFlow with the appropriate compiler flags.
2023-12-08 20:17:50.691240: I tensorflow/compiler/xla/stream_executor/cuda/cuda_gpu_executor.cc:995] successful NUMA node read from SysFS had negative value (-1), but there must be at least one NUMA node, so returning NUMA node zero. See more at https://github.com/torvalds/linux/blob/v6.0/Documentation/ABI/testing/sysfs-bus-pci#L344-L355
2023-12-08 20:17:50.703573: I tensorflow/compiler/xla/stream_executor/cuda/cuda_gpu_executor.cc:995] successful NUMA node read from SysFS had negative value (-1), but there must be at least one NUMA node, so returning NUMA node zero. See more at https://github.com/torvalds/linux/blob/v6.0/Documentation/ABI/testing/sysfs-bus-pci#L344-L355
2023-12-08 20:17:50.704134: I tensorflow/compiler/xla/stream_executor/cuda/cuda_gpu_executor.cc:995] successful NUMA node read from SysFS had negative value (-1), but there must be at least one NUMA node, so returning NUMA node zero. See more at https://github.com/torvalds/linux/blob/v6.0/Documentation/ABI/testing/sysfs-bus-pci#L344-L355
2023-12-08 20:17:50.707880: I tensorflow/compiler/xla/stream_executor/cuda/cuda_gpu_executor.cc:995] successful NUMA node read from SysFS had negative value (-1), but there must be at least one NUMA node, so returning NUMA node zero. See more at https://github.com/torvalds/linux/blob/v6.0/Documentation/ABI/testing/sysfs-bus-pci#L344-L355
2023-12-08 20:17:50.716372: I tensorflow/compiler/xla/stream_executor/cuda/cuda_gpu_executor.cc:995] successful NUMA node read from SysFS had negative value (-1), but there must be at least one NUMA node, so returning NUMA node zero. See more at https://github.com/torvalds/linux/blob/v6.0/Documentation/ABI/testing/sysfs-bus-pci#L344-L355
2023-12-08 20:17:50.716550: I tensorflow/compiler/xla/stream_executor/cuda/cuda_gpu_executor.cc:995] successful NUMA node read from SysFS had negative value (-1), but there must be at least one NUMA node, so returning NUMA node zero. See more at https://github.com/torvalds/linux/blob/v6.0/Documentation/ABI/testing/sysfs-bus-pci#L344-L355
2023-12-08 20:17:50.773942: I tensorflow/compiler/xla/stream_executor/cuda/cuda_gpu_executor.cc:995] successful NUMA node read from SysFS had negative value (-1), but there must be at least one NUMA node, so returning NUMA node zero. See more at https://github.com/torvalds/linux/blob/v6.0/Documentation/ABI/testing/sysfs-bus-pci#L344-L355
2023-12-08 20:17:50.774139: I tensorflow/compiler/xla/stream_executor/cuda/cuda_gpu_executor.cc:995] successful NUMA node read from SysFS had negative value (-1), but there must be at least one NUMA node, so returning NUMA node zero. See more at https://github.com/torvalds/linux/blob/v6.0/Documentation/ABI/testing/sysfs-bus-pci#L344-L355
2023-12-08 20:17:50.774303: I tensorflow/compiler/xla/stream_executor/cuda/cuda_gpu_executor.cc:995] successful NUMA node read from SysFS had negative value (-1), but there must be at least one NUMA node, so returning NUMA node zero. See more at https://github.com/torvalds/linux/blob/v6.0/Documentation/ABI/testing/sysfs-bus-pci#L344-L355
2023-12-08 20:17:50.774440: I tensorflow/core/common_runtime/gpu/gpu_device.cc:1639] Created device /job:localhost/replica:0/task:0/device:GPU:0 with 46608 MB memory:  -> device: 0, name: NVIDIA RTX A6000, pci bus id: 0000:41:00.0, compute capability: 8.6
2023-12-08 20:17:50.774762: I tensorflow/core/common_runtime/process_util.cc:146] Creating new thread pool with default inter op setting: 2. Tune using inter_op_parallelism_threads for best performance.
2023-12-08 20:17:50.908702: I tensorflow/compiler/xla/stream_executor/cuda/cuda_gpu_executor.cc:995] successful NUMA node read from SysFS had negative value (-1), but there must be at least one NUMA node, so returning NUMA node zero. See more at https://github.com/torvalds/linux/blob/v6.0/Documentation/ABI/testing/sysfs-bus-pci#L344-L355
2023-12-08 20:17:50.908909: I tensorflow/compiler/xla/stream_executor/cuda/cuda_gpu_executor.cc:995] successful NUMA node read from SysFS had negative value (-1), but there must be at least one NUMA node, so returning NUMA node zero. See more at https://github.com/torvalds/linux/blob/v6.0/Documentation/ABI/testing/sysfs-bus-pci#L344-L355
2023-12-08 20:17:50.909080: I tensorflow/compiler/xla/stream_executor/cuda/cuda_gpu_executor.cc:995] successful NUMA node read from SysFS had negative value (-1), but there must be at least one NUMA node, so returning NUMA node zero. See more at https://github.com/torvalds/linux/blob/v6.0/Documentation/ABI/testing/sysfs-bus-pci#L344-L355
2023-12-08 20:17:50.909278: I tensorflow/compiler/xla/stream_executor/cuda/cuda_gpu_executor.cc:995] successful NUMA node read from SysFS had negative value (-1), but there must be at least one NUMA node, so returning NUMA node zero. See more at https://github.com/torvalds/linux/blob/v6.0/Documentation/ABI/testing/sysfs-bus-pci#L344-L355
2023-12-08 20:17:50.909446: I tensorflow/compiler/xla/stream_executor/cuda/cuda_gpu_executor.cc:995] successful NUMA node read from SysFS had negative value (-1), but there must be at least one NUMA node, so returning NUMA node zero. See more at https://github.com/torvalds/linux/blob/v6.0/Documentation/ABI/testing/sysfs-bus-pci#L344-L355
2023-12-08 20:17:50.909580: I tensorflow/core/common_runtime/gpu/gpu_device.cc:1639] Created device /job:localhost/replica:0/task:0/device:GPU:0 with 46608 MB memory:  -> device: 0, name: NVIDIA RTX A6000, pci bus id: 0000:41:00.0, compute capability: 8.6
2023-12-08 20:17:50.909607: I tensorflow/core/common_runtime/process_util.cc:146] Creating new thread pool with default inter op setting: 2. Tune using inter_op_parallelism_threads for best performance.
2023-12-08 20:17:50.912703: I tensorflow/compiler/mlir/mlir_graph_optimization_pass.cc:375] MLIR V1 optimization pass is not enabled
2023-12-08 20:17:51.093392: W tensorflow/c/c_api.cc:304] Operation '{name:'lstm_2/lstm_cell_2/recurrent_kernel/Assign' id:366 op device:{requested: '', assigned: ''} def:{{{node lstm_2/lstm_cell_2/recurrent_kernel/Assign}} = AssignVariableOp[_has_manual_control_dependencies=true, dtype=DT_FLOAT, validate_shape=false](lstm_2/lstm_cell_2/recurrent_kernel, lstm_2/lstm_cell_2/recurrent_kernel/Initializer/mul_1)}}' was changed by setting attribute after it was run by a session. This mutation will have no effect, and will trigger an error in the future. Either don't modify nodes after running them or create a new session.
2023-12-08 20:17:51.123755: W tensorflow/c/c_api.cc:304] Operation '{name:'strided_slice/stack_1' id:499 op device:{requested: '', assigned: ''} def:{{{node strided_slice/stack_1}} = Const[_has_manual_control_dependencies=true, dtype=DT_INT32, value=Tensor<type: int32 shape: [4] values: 0 0 0...>]()}}' was changed by setting attribute after it was run by a session. This mutation will have no effect, and will trigger an error in the future. Either don't modify nodes after running them or create a new session.
2023-12-08 20:17:51.130170: W tensorflow/c/c_api.cc:304] Operation '{name:'strided_slice/stack_2' id:500 op device:{requested: '', assigned: ''} def:{{{node strided_slice/stack_2}} = Const[_has_manual_control_dependencies=true, dtype=DT_INT32, value=Tensor<type: int32 shape: [4] values: 1 1 1...>]()}}' was changed by setting attribute after it was run by a session. This mutation will have no effect, and will trigger an error in the future. Either don't modify nodes after running them or create a new session.
2023-12-08 20:17:52.171099: W tensorflow/c/c_api.cc:304] Operation '{name:'training/Adam/lstm_4/lstm_cell_4/recurrent_kernel/v/Assign' id:3908 op device:{requested: '', assigned: ''} def:{{{node training/Adam/lstm_4/lstm_cell_4/recurrent_kernel/v/Assign}} = AssignVariableOp[_has_manual_control_dependencies=true, dtype=DT_FLOAT, validate_shape=false](training/Adam/lstm_4/lstm_cell_4/recurrent_kernel/v, training/Adam/lstm_4/lstm_cell_4/recurrent_kernel/v/Initializer/zeros)}}' was changed by setting attribute after it was run by a session. This mutation will have no effect, and will trigger an error in the future. Either don't modify nodes after running them or create a new session.
2023-12-08 20:17:52.608740: E tensorflow/core/grappler/optimizers/meta_optimizer.cc:954] layout failed: INVALID_ARGUMENT: Size of values 0 does not match size of permutation 4 @ fanin shape indropout/cond/dropout/SelectV2-2-TransposeNHWCToNCHW-LayoutOptimizer
2023-12-08 20:17:53.013050: I tensorflow/compiler/xla/stream_executor/cuda/cuda_blas.cc:606] TensorFloat-32 will be used for the matrix multiplication. This will only be logged once.
2023-12-08 20:17:53.021422: I tensorflow/compiler/xla/stream_executor/cuda/cuda_dnn.cc:432] Loaded cuDNN version 8902
2023-12-08 20:18:00.530441: W tensorflow/c/c_api.cc:304] Operation '{name:'loss_1/mul' id:1470 op device:{requested: '', assigned: ''} def:{{{node loss_1/mul}} = Mul[T=DT_FLOAT, _has_manual_control_dependencies=true](loss_1/mul/x, loss_1/dense_3_loss/value)}}' was changed by setting attribute after it was run by a session. This mutation will have no effect, and will trigger an error in the future. Either don't modify nodes after running them or create a new session.
[NbConvertApp] Writing 309018 bytes to AdptivePrune_remove_audio_converted.ipynb
Converting AdptivePrune_remove_bio.ipynb...
[NbConvertApp] Converting notebook AdptivePrune_remove_bio.ipynb to notebook
0.00s - Debugger warning: It seems that frozen modules are being used, which may
0.00s - make the debugger miss breakpoints. Please pass -Xfrozen_modules=off
0.00s - to python to disable frozen modules.
0.00s - Note: Debugging will proceed. Set PYDEVD_DISABLE_FILE_VALIDATION=1 to disable this validation.
0.00s - Debugger warning: It seems that frozen modules are being used, which may
0.00s - make the debugger miss breakpoints. Please pass -Xfrozen_modules=off
0.00s - to python to disable frozen modules.
0.00s - Note: Debugging will proceed. Set PYDEVD_DISABLE_FILE_VALIDATION=1 to disable this validation.
2023-12-08 22:07:46.001672: I tensorflow/core/platform/cpu_feature_guard.cc:182] This TensorFlow binary is optimized to use available CPU instructions in performance-critical operations.
To enable the following instructions: FMA, in other operations, rebuild TensorFlow with the appropriate compiler flags.
2023-12-08 22:08:19.927004: I tensorflow/compiler/xla/stream_executor/cuda/cuda_gpu_executor.cc:995] successful NUMA node read from SysFS had negative value (-1), but there must be at least one NUMA node, so returning NUMA node zero. See more at https://github.com/torvalds/linux/blob/v6.0/Documentation/ABI/testing/sysfs-bus-pci#L344-L355
2023-12-08 22:08:19.939333: I tensorflow/compiler/xla/stream_executor/cuda/cuda_gpu_executor.cc:995] successful NUMA node read from SysFS had negative value (-1), but there must be at least one NUMA node, so returning NUMA node zero. See more at https://github.com/torvalds/linux/blob/v6.0/Documentation/ABI/testing/sysfs-bus-pci#L344-L355
2023-12-08 22:08:19.939612: I tensorflow/compiler/xla/stream_executor/cuda/cuda_gpu_executor.cc:995] successful NUMA node read from SysFS had negative value (-1), but there must be at least one NUMA node, so returning NUMA node zero. See more at https://github.com/torvalds/linux/blob/v6.0/Documentation/ABI/testing/sysfs-bus-pci#L344-L355
2023-12-08 22:08:19.943610: I tensorflow/compiler/xla/stream_executor/cuda/cuda_gpu_executor.cc:995] successful NUMA node read from SysFS had negative value (-1), but there must be at least one NUMA node, so returning NUMA node zero. See more at https://github.com/torvalds/linux/blob/v6.0/Documentation/ABI/testing/sysfs-bus-pci#L344-L355
2023-12-08 22:08:19.943812: I tensorflow/compiler/xla/stream_executor/cuda/cuda_gpu_executor.cc:995] successful NUMA node read from SysFS had negative value (-1), but there must be at least one NUMA node, so returning NUMA node zero. See more at https://github.com/torvalds/linux/blob/v6.0/Documentation/ABI/testing/sysfs-bus-pci#L344-L355
2023-12-08 22:08:19.943982: I tensorflow/compiler/xla/stream_executor/cuda/cuda_gpu_executor.cc:995] successful NUMA node read from SysFS had negative value (-1), but there must be at least one NUMA node, so returning NUMA node zero. See more at https://github.com/torvalds/linux/blob/v6.0/Documentation/ABI/testing/sysfs-bus-pci#L344-L355
2023-12-08 22:08:20.021332: I tensorflow/compiler/xla/stream_executor/cuda/cuda_gpu_executor.cc:995] successful NUMA node read from SysFS had negative value (-1), but there must be at least one NUMA node, so returning NUMA node zero. See more at https://github.com/torvalds/linux/blob/v6.0/Documentation/ABI/testing/sysfs-bus-pci#L344-L355
2023-12-08 22:08:20.021536: I tensorflow/compiler/xla/stream_executor/cuda/cuda_gpu_executor.cc:995] successful NUMA node read from SysFS had negative value (-1), but there must be at least one NUMA node, so returning NUMA node zero. See more at https://github.com/torvalds/linux/blob/v6.0/Documentation/ABI/testing/sysfs-bus-pci#L344-L355
2023-12-08 22:08:20.021705: I tensorflow/compiler/xla/stream_executor/cuda/cuda_gpu_executor.cc:995] successful NUMA node read from SysFS had negative value (-1), but there must be at least one NUMA node, so returning NUMA node zero. See more at https://github.com/torvalds/linux/blob/v6.0/Documentation/ABI/testing/sysfs-bus-pci#L344-L355
2023-12-08 22:08:20.021846: I tensorflow/core/common_runtime/gpu/gpu_device.cc:1639] Created device /job:localhost/replica:0/task:0/device:GPU:0 with 46608 MB memory:  -> device: 0, name: NVIDIA RTX A6000, pci bus id: 0000:41:00.0, compute capability: 8.6
2023-12-08 22:08:20.022207: I tensorflow/core/common_runtime/process_util.cc:146] Creating new thread pool with default inter op setting: 2. Tune using inter_op_parallelism_threads for best performance.
2023-12-08 22:08:20.022584: I tensorflow/compiler/mlir/mlir_graph_optimization_pass.cc:375] MLIR V1 optimization pass is not enabled
2023-12-08 22:08:20.200145: W tensorflow/c/c_api.cc:304] Operation '{name:'strided_slice/stack_1' id:4 op device:{requested: '', assigned: ''} def:{{{node strided_slice/stack_1}} = Const[_has_manual_control_dependencies=true, dtype=DT_INT32, value=Tensor<type: int32 shape: [4] values: 0 0 0...>]()}}' was changed by setting attribute after it was run by a session. This mutation will have no effect, and will trigger an error in the future. Either don't modify nodes after running them or create a new session.
2023-12-08 22:08:20.203268: W tensorflow/c/c_api.cc:304] Operation '{name:'strided_slice/stack_2' id:5 op device:{requested: '', assigned: ''} def:{{{node strided_slice/stack_2}} = Const[_has_manual_control_dependencies=true, dtype=DT_INT32, value=Tensor<type: int32 shape: [4] values: 1 1 1...>]()}}' was changed by setting attribute after it was run by a session. This mutation will have no effect, and will trigger an error in the future. Either don't modify nodes after running them or create a new session.
2023-12-08 22:08:20.272259: I tensorflow/compiler/xla/stream_executor/cuda/cuda_gpu_executor.cc:995] successful NUMA node read from SysFS had negative value (-1), but there must be at least one NUMA node, so returning NUMA node zero. See more at https://github.com/torvalds/linux/blob/v6.0/Documentation/ABI/testing/sysfs-bus-pci#L344-L355
2023-12-08 22:08:20.272557: I tensorflow/compiler/xla/stream_executor/cuda/cuda_gpu_executor.cc:995] successful NUMA node read from SysFS had negative value (-1), but there must be at least one NUMA node, so returning NUMA node zero. See more at https://github.com/torvalds/linux/blob/v6.0/Documentation/ABI/testing/sysfs-bus-pci#L344-L355
2023-12-08 22:08:20.272808: I tensorflow/compiler/xla/stream_executor/cuda/cuda_gpu_executor.cc:995] successful NUMA node read from SysFS had negative value (-1), but there must be at least one NUMA node, so returning NUMA node zero. See more at https://github.com/torvalds/linux/blob/v6.0/Documentation/ABI/testing/sysfs-bus-pci#L344-L355
2023-12-08 22:08:20.273090: I tensorflow/compiler/xla/stream_executor/cuda/cuda_gpu_executor.cc:995] successful NUMA node read from SysFS had negative value (-1), but there must be at least one NUMA node, so returning NUMA node zero. See more at https://github.com/torvalds/linux/blob/v6.0/Documentation/ABI/testing/sysfs-bus-pci#L344-L355
2023-12-08 22:08:20.273341: I tensorflow/compiler/xla/stream_executor/cuda/cuda_gpu_executor.cc:995] successful NUMA node read from SysFS had negative value (-1), but there must be at least one NUMA node, so returning NUMA node zero. See more at https://github.com/torvalds/linux/blob/v6.0/Documentation/ABI/testing/sysfs-bus-pci#L344-L355
2023-12-08 22:08:20.273522: I tensorflow/core/common_runtime/gpu/gpu_device.cc:1639] Created device /job:localhost/replica:0/task:0/device:GPU:0 with 46608 MB memory:  -> device: 0, name: NVIDIA RTX A6000, pci bus id: 0000:41:00.0, compute capability: 8.6
2023-12-08 22:08:20.273558: I tensorflow/core/common_runtime/process_util.cc:146] Creating new thread pool with default inter op setting: 2. Tune using inter_op_parallelism_threads for best performance.
2023-12-08 22:08:25.202985: W tensorflow/c/c_api.cc:304] Operation '{name:'training/Adam/lstm_12/lstm_cell_12/recurrent_kernel/m/Assign' id:15243 op device:{requested: '', assigned: ''} def:{{{node training/Adam/lstm_12/lstm_cell_12/recurrent_kernel/m/Assign}} = AssignVariableOp[_has_manual_control_dependencies=true, dtype=DT_FLOAT, validate_shape=false](training/Adam/lstm_12/lstm_cell_12/recurrent_kernel/m, training/Adam/lstm_12/lstm_cell_12/recurrent_kernel/m/Initializer/zeros)}}' was changed by setting attribute after it was run by a session. This mutation will have no effect, and will trigger an error in the future. Either don't modify nodes after running them or create a new session.
2023-12-08 22:08:28.802355: E tensorflow/core/grappler/optimizers/meta_optimizer.cc:954] layout failed: INVALID_ARGUMENT: Size of values 0 does not match size of permutation 4 @ fanin shape indropout/cond/dropout/SelectV2-2-TransposeNHWCToNCHW-LayoutOptimizer
2023-12-08 22:08:30.896585: I tensorflow/compiler/xla/stream_executor/cuda/cuda_blas.cc:606] TensorFloat-32 will be used for the matrix multiplication. This will only be logged once.
2023-12-08 22:08:30.911308: I tensorflow/compiler/xla/stream_executor/cuda/cuda_dnn.cc:432] Loaded cuDNN version 8902
2023-12-08 22:08:47.751475: W tensorflow/c/c_api.cc:304] Operation '{name:'loss_1/mul' id:5915 op device:{requested: '', assigned: ''} def:{{{node loss_1/mul}} = Mul[T=DT_FLOAT, _has_manual_control_dependencies=true](loss_1/mul/x, loss_1/dense_3_loss/value)}}' was changed by setting attribute after it was run by a session. This mutation will have no effect, and will trigger an error in the future. Either don't modify nodes after running them or create a new session.
[NbConvertApp] Writing 315256 bytes to AdptivePrune_remove_bio_converted.ipynb
Converting AdptivePrune_remove_structure.ipynb...
[NbConvertApp] Converting notebook AdptivePrune_remove_structure.ipynb to notebook
0.00s - Debugger warning: It seems that frozen modules are being used, which may
0.00s - make the debugger miss breakpoints. Please pass -Xfrozen_modules=off
0.00s - to python to disable frozen modules.
0.00s - Note: Debugging will proceed. Set PYDEVD_DISABLE_FILE_VALIDATION=1 to disable this validation.
0.00s - Debugger warning: It seems that frozen modules are being used, which may
0.00s - make the debugger miss breakpoints. Please pass -Xfrozen_modules=off
0.00s - to python to disable frozen modules.
0.00s - Note: Debugging will proceed. Set PYDEVD_DISABLE_FILE_VALIDATION=1 to disable this validation.
2023-12-09 02:56:14.067666: I tensorflow/core/platform/cpu_feature_guard.cc:182] This TensorFlow binary is optimized to use available CPU instructions in performance-critical operations.
To enable the following instructions: FMA, in other operations, rebuild TensorFlow with the appropriate compiler flags.
2023-12-09 02:56:46.121652: I tensorflow/compiler/xla/stream_executor/cuda/cuda_gpu_executor.cc:995] successful NUMA node read from SysFS had negative value (-1), but there must be at least one NUMA node, so returning NUMA node zero. See more at https://github.com/torvalds/linux/blob/v6.0/Documentation/ABI/testing/sysfs-bus-pci#L344-L355
2023-12-09 02:56:46.132875: I tensorflow/compiler/xla/stream_executor/cuda/cuda_gpu_executor.cc:995] successful NUMA node read from SysFS had negative value (-1), but there must be at least one NUMA node, so returning NUMA node zero. See more at https://github.com/torvalds/linux/blob/v6.0/Documentation/ABI/testing/sysfs-bus-pci#L344-L355
2023-12-09 02:56:46.133119: I tensorflow/compiler/xla/stream_executor/cuda/cuda_gpu_executor.cc:995] successful NUMA node read from SysFS had negative value (-1), but there must be at least one NUMA node, so returning NUMA node zero. See more at https://github.com/torvalds/linux/blob/v6.0/Documentation/ABI/testing/sysfs-bus-pci#L344-L355
2023-12-09 02:56:46.137109: I tensorflow/compiler/xla/stream_executor/cuda/cuda_gpu_executor.cc:995] successful NUMA node read from SysFS had negative value (-1), but there must be at least one NUMA node, so returning NUMA node zero. See more at https://github.com/torvalds/linux/blob/v6.0/Documentation/ABI/testing/sysfs-bus-pci#L344-L355
2023-12-09 02:56:46.137307: I tensorflow/compiler/xla/stream_executor/cuda/cuda_gpu_executor.cc:995] successful NUMA node read from SysFS had negative value (-1), but there must be at least one NUMA node, so returning NUMA node zero. See more at https://github.com/torvalds/linux/blob/v6.0/Documentation/ABI/testing/sysfs-bus-pci#L344-L355
2023-12-09 02:56:46.137480: I tensorflow/compiler/xla/stream_executor/cuda/cuda_gpu_executor.cc:995] successful NUMA node read from SysFS had negative value (-1), but there must be at least one NUMA node, so returning NUMA node zero. See more at https://github.com/torvalds/linux/blob/v6.0/Documentation/ABI/testing/sysfs-bus-pci#L344-L355
2023-12-09 02:56:46.218590: I tensorflow/compiler/xla/stream_executor/cuda/cuda_gpu_executor.cc:995] successful NUMA node read from SysFS had negative value (-1), but there must be at least one NUMA node, so returning NUMA node zero. See more at https://github.com/torvalds/linux/blob/v6.0/Documentation/ABI/testing/sysfs-bus-pci#L344-L355
2023-12-09 02:56:46.218797: I tensorflow/compiler/xla/stream_executor/cuda/cuda_gpu_executor.cc:995] successful NUMA node read from SysFS had negative value (-1), but there must be at least one NUMA node, so returning NUMA node zero. See more at https://github.com/torvalds/linux/blob/v6.0/Documentation/ABI/testing/sysfs-bus-pci#L344-L355
2023-12-09 02:56:46.218962: I tensorflow/compiler/xla/stream_executor/cuda/cuda_gpu_executor.cc:995] successful NUMA node read from SysFS had negative value (-1), but there must be at least one NUMA node, so returning NUMA node zero. See more at https://github.com/torvalds/linux/blob/v6.0/Documentation/ABI/testing/sysfs-bus-pci#L344-L355
2023-12-09 02:56:46.219103: I tensorflow/core/common_runtime/gpu/gpu_device.cc:1639] Created device /job:localhost/replica:0/task:0/device:GPU:0 with 46608 MB memory:  -> device: 0, name: NVIDIA RTX A6000, pci bus id: 0000:41:00.0, compute capability: 8.6
2023-12-09 02:56:46.219558: I tensorflow/core/common_runtime/process_util.cc:146] Creating new thread pool with default inter op setting: 2. Tune using inter_op_parallelism_threads for best performance.
2023-12-09 02:56:50.461401: I tensorflow/compiler/xla/stream_executor/cuda/cuda_gpu_executor.cc:995] successful NUMA node read from SysFS had negative value (-1), but there must be at least one NUMA node, so returning NUMA node zero. See more at https://github.com/torvalds/linux/blob/v6.0/Documentation/ABI/testing/sysfs-bus-pci#L344-L355
2023-12-09 02:56:50.461652: I tensorflow/compiler/xla/stream_executor/cuda/cuda_gpu_executor.cc:995] successful NUMA node read from SysFS had negative value (-1), but there must be at least one NUMA node, so returning NUMA node zero. See more at https://github.com/torvalds/linux/blob/v6.0/Documentation/ABI/testing/sysfs-bus-pci#L344-L355
2023-12-09 02:56:50.461823: I tensorflow/compiler/xla/stream_executor/cuda/cuda_gpu_executor.cc:995] successful NUMA node read from SysFS had negative value (-1), but there must be at least one NUMA node, so returning NUMA node zero. See more at https://github.com/torvalds/linux/blob/v6.0/Documentation/ABI/testing/sysfs-bus-pci#L344-L355
2023-12-09 02:56:50.462033: I tensorflow/compiler/xla/stream_executor/cuda/cuda_gpu_executor.cc:995] successful NUMA node read from SysFS had negative value (-1), but there must be at least one NUMA node, so returning NUMA node zero. See more at https://github.com/torvalds/linux/blob/v6.0/Documentation/ABI/testing/sysfs-bus-pci#L344-L355
2023-12-09 02:56:50.462205: I tensorflow/compiler/xla/stream_executor/cuda/cuda_gpu_executor.cc:995] successful NUMA node read from SysFS had negative value (-1), but there must be at least one NUMA node, so returning NUMA node zero. See more at https://github.com/torvalds/linux/blob/v6.0/Documentation/ABI/testing/sysfs-bus-pci#L344-L355
2023-12-09 02:56:50.462347: I tensorflow/core/common_runtime/gpu/gpu_device.cc:1639] Created device /job:localhost/replica:0/task:0/device:GPU:0 with 46608 MB memory:  -> device: 0, name: NVIDIA RTX A6000, pci bus id: 0000:41:00.0, compute capability: 8.6
2023-12-09 02:56:50.462379: I tensorflow/core/common_runtime/process_util.cc:146] Creating new thread pool with default inter op setting: 2. Tune using inter_op_parallelism_threads for best performance.
2023-12-09 02:56:50.588570: I tensorflow/compiler/mlir/mlir_graph_optimization_pass.cc:375] MLIR V1 optimization pass is not enabled
2023-12-09 02:56:50.977354: W tensorflow/c/c_api.cc:304] Operation '{name:'training/Adam/lstm_4/lstm_cell_4/bias/m/Assign' id:14331 op device:{requested: '', assigned: ''} def:{{{node training/Adam/lstm_4/lstm_cell_4/bias/m/Assign}} = AssignVariableOp[_has_manual_control_dependencies=true, dtype=DT_FLOAT, validate_shape=false](training/Adam/lstm_4/lstm_cell_4/bias/m, training/Adam/lstm_4/lstm_cell_4/bias/m/Initializer/zeros)}}' was changed by setting attribute after it was run by a session. This mutation will have no effect, and will trigger an error in the future. Either don't modify nodes after running them or create a new session.
2023-12-09 02:56:55.722014: I tensorflow/compiler/xla/stream_executor/cuda/cuda_blas.cc:606] TensorFloat-32 will be used for the matrix multiplication. This will only be logged once.
2023-12-09 02:57:09.131354: W tensorflow/c/c_api.cc:304] Operation '{name:'loss_1/mul' id:5588 op device:{requested: '', assigned: ''} def:{{{node loss_1/mul}} = Mul[T=DT_FLOAT, _has_manual_control_dependencies=true](loss_1/mul/x, loss_1/dense_3_loss/value)}}' was changed by setting attribute after it was run by a session. This mutation will have no effect, and will trigger an error in the future. Either don't modify nodes after running them or create a new session.
[NbConvertApp] Writing 314499 bytes to AdptivePrune_remove_structure_converted.ipynb
All notebooks converted successfully.
